This is pdfTeXk, Version 3.1415926-1.40.9 (Web2C 7.5.7) (format=pdflatex 2008.11.27)  8 NOV 2009 22:34
entering extended mode
 %&-line parsing enabled.
**Rd2
(./Rd2.tex
LaTeX2e <2005/12/01>
Babel <v3.8l> and hyphenation patterns for english, usenglishmax, dumylang, noh
yphenation, german-x-2008-06-18, ngerman-x-2008-06-18, ancientgreek, ibycus, ar
abic, basque, bulgarian, catalan, pinyin, coptic, croatian, czech, danish, dutc
h, esperanto, estonian, farsi, finnish, french, galician, german, ngerman, mono
greek, greek, hungarian, icelandic, indonesian, interlingua, irish, italian, la
tin, lithuanian, mongolian, mongolian2a, bokmal, nynorsk, polish, portuguese, r
omanian, russian, sanskrit, serbian, slovak, slovenian, spanish, swedish, turki
sh, ukenglish, ukrainian, uppersorbian, welsh, loaded.

(/usr/local/texlive/2008/texmf-dist/tex/latex/base/book.cls
Document Class: book 2005/09/16 v1.4f Standard LaTeX document class
(/usr/local/texlive/2008/texmf-dist/tex/latex/base/bk10.clo
File: bk10.clo 2005/09/16 v1.4f Standard LaTeX file (size option)
)
\c@part=\count79
\c@chapter=\count80
\c@section=\count81
\c@subsection=\count82
\c@subsubsection=\count83
\c@paragraph=\count84
\c@subparagraph=\count85
\c@figure=\count86
\c@table=\count87
\abovecaptionskip=\skip41
\belowcaptionskip=\skip42
\bibindent=\dimen102
)
(/usr/lib/R/share/texmf/Rd.sty
Package: Rd 

(/usr/local/texlive/2008/texmf-dist/tex/latex/base/ifthen.sty
Package: ifthen 2001/05/26 v1.1c Standard LaTeX ifthen package (DPC)
)
(/usr/local/texlive/2008/texmf-dist/tex/latex/tools/longtable.sty
Package: longtable 2004/02/01 v4.11 Multi-page Table package (DPC)
\LTleft=\skip43
\LTright=\skip44
\LTpre=\skip45
\LTpost=\skip46
\LTchunksize=\count88
\LTcapwidth=\dimen103
\LT@head=\box26
\LT@firsthead=\box27
\LT@foot=\box28
\LT@lastfoot=\box29
\LT@cols=\count89
\LT@rows=\count90
\c@LT@tables=\count91
\c@LT@chunks=\count92
\LT@p@ftn=\toks14
)
(/usr/local/texlive/2008/texmf-dist/tex/latex/tools/bm.sty
Package: bm 2004/02/26 v1.1c Bold Symbol Support (DPC/FMi)
\symboldoperators=\mathgroup4
\symboldletters=\mathgroup5
\symboldsymbols=\mathgroup6
LaTeX Font Info:    Redeclaring math alphabet \mathbf on input line 137.
LaTeX Info: Redefining \bm on input line 203.
)
(/usr/local/texlive/2008/texmf-dist/tex/latex/base/alltt.sty
Package: alltt 1997/06/16 v2.0g defines alltt environment
)
(/usr/local/texlive/2008/texmf-dist/tex/latex/tools/verbatim.sty
Package: verbatim 2003/08/22 v1.5q LaTeX2e package for verbatim enhancements
\every@verbatim=\toks15
\verbatim@line=\toks16
\verbatim@in@stream=\read1
)
(/usr/local/texlive/2008/texmf-dist/tex/latex/ltxmisc/url.sty
\Urlmuskip=\muskip10
Package: url 2006/04/12  ver 3.3  Verb mode for urls, etc.
)
(/usr/lib/R/share/texmf/upquote.sty
Package: upquote 2003/08/11 v1.1 Covington's upright-quote modification to verb
atim and verb

(/usr/local/texlive/2008/texmf-dist/tex/latex/base/textcomp.sty
Package: textcomp 2005/09/27 v1.99g Standard LaTeX package
Package textcomp Info: Sub-encoding information:
(textcomp)               5 = only ISO-Adobe without \textcurrency
(textcomp)               4 = 5 + \texteuro
(textcomp)               3 = 4 + \textohm
(textcomp)               2 = 3 + \textestimated + \textcurrency
(textcomp)               1 = TS1 - \textcircled - \t
(textcomp)               0 = TS1 (full)
(textcomp)             Font families with sub-encoding setting implement
(textcomp)             only a restricted character set as indicated.
(textcomp)             Family '?' is the default used for unknown fonts.
(textcomp)             See the documentation for details.
Package textcomp Info: Setting ? sub-encoding to TS1/1 on input line 71.

(/usr/local/texlive/2008/texmf-dist/tex/latex/base/ts1enc.def
File: ts1enc.def 2001/06/05 v3.0e (jk/car/fm) Standard LaTeX file
)
LaTeX Info: Redefining \oldstylenums on input line 266.
Package textcomp Info: Setting cmr sub-encoding to TS1/0 on input line 281.
Package textcomp Info: Setting cmss sub-encoding to TS1/0 on input line 282.
Package textcomp Info: Setting cmtt sub-encoding to TS1/0 on input line 283.
Package textcomp Info: Setting cmvtt sub-encoding to TS1/0 on input line 284.
Package textcomp Info: Setting cmbr sub-encoding to TS1/0 on input line 285.
Package textcomp Info: Setting cmtl sub-encoding to TS1/0 on input line 286.
Package textcomp Info: Setting ccr sub-encoding to TS1/0 on input line 287.
Package textcomp Info: Setting ptm sub-encoding to TS1/4 on input line 288.
Package textcomp Info: Setting pcr sub-encoding to TS1/4 on input line 289.
Package textcomp Info: Setting phv sub-encoding to TS1/4 on input line 290.
Package textcomp Info: Setting ppl sub-encoding to TS1/3 on input line 291.
Package textcomp Info: Setting pag sub-encoding to TS1/4 on input line 292.
Package textcomp Info: Setting pbk sub-encoding to TS1/4 on input line 293.
Package textcomp Info: Setting pnc sub-encoding to TS1/4 on input line 294.
Package textcomp Info: Setting pzc sub-encoding to TS1/4 on input line 295.
Package textcomp Info: Setting bch sub-encoding to TS1/4 on input line 296.
Package textcomp Info: Setting put sub-encoding to TS1/5 on input line 297.
Package textcomp Info: Setting uag sub-encoding to TS1/5 on input line 298.
Package textcomp Info: Setting ugq sub-encoding to TS1/5 on input line 299.
Package textcomp Info: Setting ul8 sub-encoding to TS1/4 on input line 300.
Package textcomp Info: Setting ul9 sub-encoding to TS1/4 on input line 301.
Package textcomp Info: Setting augie sub-encoding to TS1/5 on input line 302.
Package textcomp Info: Setting dayrom sub-encoding to TS1/3 on input line 303.
Package textcomp Info: Setting dayroms sub-encoding to TS1/3 on input line 304.

Package textcomp Info: Setting pxr sub-encoding to TS1/0 on input line 305.
Package textcomp Info: Setting pxss sub-encoding to TS1/0 on input line 306.
Package textcomp Info: Setting pxtt sub-encoding to TS1/0 on input line 307.
Package textcomp Info: Setting txr sub-encoding to TS1/0 on input line 308.
Package textcomp Info: Setting txss sub-encoding to TS1/0 on input line 309.
Package textcomp Info: Setting txtt sub-encoding to TS1/0 on input line 310.
Package textcomp Info: Setting futs sub-encoding to TS1/4 on input line 311.
Package textcomp Info: Setting futx sub-encoding to TS1/4 on input line 312.
Package textcomp Info: Setting futj sub-encoding to TS1/4 on input line 313.
Package textcomp Info: Setting hlh sub-encoding to TS1/3 on input line 314.
Package textcomp Info: Setting hls sub-encoding to TS1/3 on input line 315.
Package textcomp Info: Setting hlst sub-encoding to TS1/3 on input line 316.
Package textcomp Info: Setting hlct sub-encoding to TS1/5 on input line 317.
Package textcomp Info: Setting hlx sub-encoding to TS1/5 on input line 318.
Package textcomp Info: Setting hlce sub-encoding to TS1/5 on input line 319.
Package textcomp Info: Setting hlcn sub-encoding to TS1/5 on input line 320.
Package textcomp Info: Setting hlcw sub-encoding to TS1/5 on input line 321.
Package textcomp Info: Setting hlcf sub-encoding to TS1/5 on input line 322.
Package textcomp Info: Setting pplx sub-encoding to TS1/3 on input line 323.
Package textcomp Info: Setting pplj sub-encoding to TS1/3 on input line 324.
Package textcomp Info: Setting ptmx sub-encoding to TS1/4 on input line 325.
Package textcomp Info: Setting ptmj sub-encoding to TS1/4 on input line 326.
))
\ldescriptionwidth=\skip47

NOT loading ae (/usr/local/texlive/2008/texmf-dist/tex/latex/base/fontenc.sty
Package: fontenc 2005/09/27 v1.99g Standard LaTeX package

(/usr/local/texlive/2008/texmf-dist/tex/latex/base/t1enc.def
File: t1enc.def 2005/09/27 v1.99g Standard LaTeX file
LaTeX Font Info:    Redeclaring font encoding T1 on input line 43.
))
(/usr/local/texlive/2008/texmf-dist/tex/latex/psnfss/times.sty
Package: times 2005/04/12 PSNFSS-v9.2a (SPQR) 
)
NOT loading lmodern
(/usr/local/texlive/2008/texmf-dist/tex/latex/graphics/color.sty
Package: color 2005/11/14 v1.0j Standard LaTeX Color (DPC)

(/usr/local/texlive/2008/texmf/tex/latex/config/color.cfg
File: color.cfg 2007/01/18 v1.5 color configuration of teTeX/TeXLive
)
Package color Info: Driver file: pdftex.def on input line 130.

(/usr/local/texlive/2008/texmf-dist/tex/latex/pdftex-def/pdftex.def
File: pdftex.def 2008/09/08 v0.04l Graphics/color for pdfTeX
\Gread@gobject=\count93
))
(/usr/local/texlive/2008/texmf-dist/tex/latex/hyperref/hyperref.sty
Package: hyperref 2008/11/18 v6.78m Hypertext links for LaTeX

(/usr/local/texlive/2008/texmf-dist/tex/latex/graphics/keyval.sty
Package: keyval 1999/03/16 v1.13 key=value parser (DPC)
\KV@toks@=\toks17
)
(/usr/local/texlive/2008/texmf-dist/tex/generic/oberdiek/ifpdf.sty
Package: ifpdf 2007/12/12 v1.6 Provides the ifpdf switch (HO)
Package ifpdf Info: pdfTeX in pdf mode detected.
)
(/usr/local/texlive/2008/texmf-dist/tex/generic/oberdiek/ifvtex.sty
Package: ifvtex 2008/11/04 v1.4 Switches for detecting VTeX and its modes (HO)
Package ifvtex Info: VTeX not detected.
)
(/usr/local/texlive/2008/texmf-dist/tex/generic/ifxetex/ifxetex.sty
Package: ifxetex 2008/09/18 v0.4 Provides ifxetex conditional
)
(/usr/local/texlive/2008/texmf-dist/tex/latex/oberdiek/hycolor.sty
Package: hycolor 2008/09/08 v1.4 Code for color options of hyperref/bookmark (H
O)

(/usr/local/texlive/2008/texmf-dist/tex/latex/oberdiek/xcolor-patch.sty
Package: xcolor-patch 2008/09/08 xcolor patch
))
\@linkdim=\dimen104
\Hy@linkcounter=\count94
\Hy@pagecounter=\count95

(/usr/local/texlive/2008/texmf-dist/tex/latex/hyperref/pd1enc.def
File: pd1enc.def 2008/11/18 v6.78m Hyperref: PDFDocEncoding definition (HO)
)
(/usr/local/texlive/2008/texmf-dist/tex/generic/oberdiek/etexcmds.sty
Package: etexcmds 2007/12/12 v1.2 Prefix for e-TeX command names (HO)

(/usr/local/texlive/2008/texmf-dist/tex/generic/oberdiek/infwarerr.sty
Package: infwarerr 2007/09/09 v1.2 Providing info/warning/message (HO)
)
Package etexcmds Info: Could not find \expanded.
(etexcmds)             That can mean that you are not using pdfTeX 1.50 or
(etexcmds)             that some package has redefined \expanded.
(etexcmds)             In the latter case, load this package earlier.
)
(/usr/local/texlive/2008/texmf/tex/latex/config/hyperref.cfg
File: hyperref.cfg 2002/06/06 v1.2 hyperref configuration of TeXLive
)
(/usr/local/texlive/2008/texmf-dist/tex/latex/oberdiek/kvoptions.sty
Package: kvoptions 2007/10/18 v3.0 Keyval support for LaTeX options (HO)
)
Package hyperref Info: Hyper figures OFF on input line 2907.
Package hyperref Info: Link nesting OFF on input line 2912.
Package hyperref Info: Hyper index ON on input line 2915.
Package hyperref Info: Plain pages OFF on input line 2922.
Package hyperref Info: Backreferencing OFF on input line 2927.

Implicit mode ON; LaTeX internals redefined
Package hyperref Info: Bookmarks ON on input line 3117.
LaTeX Info: Redefining \href on input line 3332.
LaTeX Info: Redefining \url on input line 3351.
(/usr/local/texlive/2008/texmf-dist/tex/generic/oberdiek/bitset.sty
Package: bitset 2007/09/28 v1.0 Data type bit set (HO)

(/usr/local/texlive/2008/texmf-dist/tex/generic/oberdiek/intcalc.sty
Package: intcalc 2007/09/27 v1.1 Expandable integer calculations (HO)
)
(/usr/local/texlive/2008/texmf-dist/tex/generic/oberdiek/bigintcalc.sty
Package: bigintcalc 2007/11/11 v1.1 Expandable big integer calculations (HO)

(/usr/local/texlive/2008/texmf-dist/tex/generic/oberdiek/pdftexcmds.sty
Package: pdftexcmds 2007/12/12 v0.3 LuaTeX support for pdfTeX utility functions
 (HO)
Package pdftexcmds Info: LuaTeX not detected on input line 139.
)))
(/usr/local/texlive/2008/texmf-dist/tex/generic/oberdiek/kvsetkeys.sty
Package: kvsetkeys 2007/09/29 v1.3 Key value parser with default handler suppor
t (HO)
)
\Fld@menulength=\count96
\Field@Width=\dimen105
\Fld@charsize=\dimen106
\Field@toks=\toks18
Package hyperref Info: Hyper figures OFF on input line 4268.
Package hyperref Info: Link nesting OFF on input line 4273.
Package hyperref Info: Hyper index ON on input line 4276.
Package hyperref Info: backreferencing OFF on input line 4283.
Package hyperref Info: Link coloring OFF on input line 4288.
Package hyperref Info: Link coloring with OCG OFF on input line 4293.
Package hyperref Info: PDF/A mode OFF on input line 4298.

(/usr/local/texlive/2008/texmf-dist/tex/generic/oberdiek/atbegshi.sty
Package: atbegshi 2008/07/31 v1.9 At begin shipout hook (HO)
)
\Hy@abspage=\count97
\c@Item=\count98
\c@Hfootnote=\count99
)
*hyperref using default driver hpdftex*
(/usr/local/texlive/2008/texmf-dist/tex/latex/hyperref/hpdftex.def
File: hpdftex.def 2008/11/18 v6.78m Hyperref driver for pdfTeX
\Fld@listcount=\count100
)

Package hyperref Warning: Option `hyperindex' has already been used,
(hyperref)                setting the option has no effect on input line 315.

Package hyperref Info: Option `colorlinks' set `true' on input line 315.

Package hyperref Warning: Option `pagebackref' has already been used,
(hyperref)                setting the option has no effect on input line 315.

Package hyperref Info: Option `linktocpage' set `true' on input line 315.
Package hyperref Info: Option `plainpages' set `false' on input line 315.
) (/usr/local/texlive/2008/texmf-dist/tex/latex/base/makeidx.sty
Package: makeidx 2000/03/29 v1.0m Standard LaTeX package
)
\@indexfile=\write3
\openout3 = `Rd2.idx'.


Writing index file Rd2.idx
(./Rd2.aux)
\openout1 = `Rd2.aux'.

LaTeX Font Info:    Checking defaults for OML/cmm/m/it on input line 6.
LaTeX Font Info:    ... okay on input line 6.
LaTeX Font Info:    Checking defaults for T1/cmr/m/n on input line 6.
LaTeX Font Info:    ... okay on input line 6.
LaTeX Font Info:    Checking defaults for OT1/cmr/m/n on input line 6.
LaTeX Font Info:    ... okay on input line 6.
LaTeX Font Info:    Checking defaults for OMS/cmsy/m/n on input line 6.
LaTeX Font Info:    ... okay on input line 6.
LaTeX Font Info:    Checking defaults for OMX/cmex/m/n on input line 6.
LaTeX Font Info:    ... okay on input line 6.
LaTeX Font Info:    Checking defaults for U/cmr/m/n on input line 6.
LaTeX Font Info:    ... okay on input line 6.
LaTeX Font Info:    Checking defaults for TS1/cmr/m/n on input line 6.
LaTeX Font Info:    Try loading font information for TS1+cmr on input line 6.
 (/usr/local/texlive/2008/texmf-dist/tex/latex/base/ts1cmr.fd
File: ts1cmr.fd 1999/05/25 v2.5h Standard LaTeX font definitions
)
LaTeX Font Info:    ... okay on input line 6.
LaTeX Font Info:    Checking defaults for PD1/pdf/m/n on input line 6.
LaTeX Font Info:    ... okay on input line 6.
LaTeX Font Info:    Try loading font information for T1+ptm on input line 6.

(/usr/local/texlive/2008/texmf-dist/tex/latex/psnfss/t1ptm.fd
File: t1ptm.fd 2001/06/04 font definitions for T1/ptm.
)
(/usr/local/texlive/2008/texmf-dist/tex/context/base/supp-pdf.tex
[Loading MPS to PDF converter (version 2006.09.02).]
\scratchcounter=\count101
\scratchdimen=\dimen107
\scratchbox=\box30
\nofMPsegments=\count102
\nofMParguments=\count103
\everyMPshowfont=\toks19
\MPscratchCnt=\count104
\MPscratchDim=\dimen108
\MPnumerator=\count105
\everyMPtoPDFconversion=\toks20
)
Package hyperref Info: Link coloring ON on input line 6.
 (/usr/local/texlive/2008/texmf-dist/tex/latex/hyperref/nameref.sty
Package: nameref 2007/05/29 v2.31 Cross-referencing by name of section

(/usr/local/texlive/2008/texmf-dist/tex/latex/oberdiek/refcount.sty
Package: refcount 2008/08/11 v3.1 Data extraction from references (HO)
)
\c@section@level=\count106
)
LaTeX Info: Redefining \ref on input line 6.
LaTeX Info: Redefining \pageref on input line 6.

(./Rd2.out) (./Rd2.out)
\@outlinefile=\write4
\openout4 = `Rd2.out'.

\AtBeginShipoutBox=\box31
LaTeX Font Info:    Font shape `T1/ptm/bx/n' in size <24.88> not available
(Font)              Font shape `T1/ptm/b/n' tried instead on input line 7.
LaTeX Font Info:    Font shape `T1/ptm/bx/n' in size <10> not available
(Font)              Font shape `T1/ptm/b/n' tried instead on input line 9.
LaTeX Font Info:    Font shape `T1/ptm/bx/n' in size <20.74> not available
(Font)              Font shape `T1/ptm/b/n' tried instead on input line 9.
LaTeX Font Info:    Font shape `T1/ptm/bx/n' in size <14.4> not available
(Font)              Font shape `T1/ptm/b/n' tried instead on input line 34.
LaTeX Font Info:    Try loading font information for T1+phv on input line 34.

(/usr/local/texlive/2008/texmf-dist/tex/latex/psnfss/t1phv.fd
File: t1phv.fd 2001/06/04 scalable font definitions for T1/phv.
) (./Rd2.toc
LaTeX Font Info:    External font `cmex10' loaded for size
(Font)              <7> on input line 1.
LaTeX Font Info:    External font `cmex10' loaded for size
(Font)              <5> on input line 1.
)
\tf@toc=\write5
\openout5 = `Rd2.toc'.

LaTeX Font Info:    Try loading font information for T1+pcr on input line 35.

(/usr/local/texlive/2008/texmf-dist/tex/latex/psnfss/t1pcr.fd
File: t1pcr.fd 2001/06/04 font definitions for T1/pcr.
) [1


{/usr/local/texlive/2008/texmf-var/fonts/map/pdftex/updmap/pdftex.map}]
Overfull \hbox (35.86958pt too wide) in paragraph at lines 57--60
[]\T1/ptm/m/n/10 The func-tion \T1/pcr/m/n/10 cdbIni() \T1/ptm/m/n/10 ini-tiall
y pro-vides \T1/pcr/m/n/10 cdb\T1/ptm/m/n/10 . How-ever \T1/pcr/m/n/10 a <- lis
t(serverName="localhost",
 []


Overfull \hbox (10.58093pt too wide) in paragraph at lines 76--79
[][][]$\T1/pcr/m/n/10 http : / / www . omegahat . org / RCurl/$[][] [][]$http :
 / / www . omegahat . org / RJSONIO/$[][] [][]$http :
 []

[2]
Overfull \hbox (45.72891pt too wide) in paragraph at lines 132--134
[]\T1/ptm/m/n/10 With a given \T1/pcr/m/n/10 cdb$id \T1/ptm/m/n/10 this func-ti
on sends a http \T1/pcr/m/n/10 "DELETE" \T1/ptm/m/n/10 re-quest to the url \T1/
pcr/m/n/10 .../cdb$id?rev=cdb$rev\T1/ptm/m/n/10 . 
 []

[3] [4]
Overfull \hbox (19.53929pt too wide) in paragraph at lines 222--226
\T1/ptm/m/n/10 from a CouchDB can be in-creased by \T1/pcr/m/n/10 cdb$queryPara
m <- paste("count=", N, sep="")\T1/ptm/m/n/10 .
 []


Overfull \hbox (10.58093pt too wide) in paragraph at lines 239--242
[][][]$\T1/pcr/m/n/10 http : / / www . omegahat . org / RCurl/$[][] [][]$http :
 / / www . omegahat . org / RJSONIO/$[][] [][]$http :
 []


Overfull \hbox (2.65924pt too wide) in paragraph at lines 265--268
[]\T1/ptm/m/n/10 Beside the con-nec-tion de-tails (\T1/pcr/m/n/10 cdb$port\T1/p
tm/m/n/10 ,\T1/pcr/m/n/10 cdb$DAName \T1/ptm/m/n/10 ...) the \T1/pcr/m/n/10 cdb
$design
 []

[5]
Overfull \hbox (25.92009pt too wide) in paragraph at lines 273--275
[]\T1/ptm/m/n/10 Query params e.g. \T1/pcr/m/n/10 "reduce=false" \T1/ptm/m/n/10
 or \T1/pcr/m/n/10 "group_level=1" \T1/ptm/m/n/10 can be pro-vided in \T1/pcr/m
/n/10 cdb$queryParam 
 []


Overfull \hbox (19.4688pt too wide) in paragraph at lines 287--290
[]\T1/ptm/m/n/10 For the mo-ment only one \T1/pcr/m/n/10 cdb$queryParam \T1/ptm
/m/n/10 is pos-si-ble. In the fu-ture maybe Dun-cans \T1/pcr/m/n/10 RJavaScript

 []


Overfull \hbox (10.58093pt too wide) in paragraph at lines 296--300
[][][]$\T1/pcr/m/n/10 http : / / www . omegahat . org / RCurl/$[][] [][]$http :
 / / www . omegahat . org / RJSONIO/$[][] [][]$http :
 []

[6]
Overfull \hbox (66.04028pt too wide) in paragraph at lines 332--350
[]\T1/ptm/m/n/10 The list:  \T1/pcr/m/n/10 cdb <- list( serverName = "", port =
 "5984", DBName="", newDBName="",
 []


Overfull \hbox (0.78088pt too wide) in paragraph at lines 332--350
\T1/pcr/m/n/10 id="", rev="", dataList=list(), design="", view="", queryParam="
",
 []

[7]
Overfull \hbox (10.58093pt too wide) in paragraph at lines 400--403
[][][]$\T1/pcr/m/n/10 http : / / www . omegahat . org / RCurl/$[][] [][]$http :
 / / www . omegahat . org / RJSONIO/$[][] [][]$http :
 []


Overfull \hbox (14.57074pt too wide) in paragraph at lines 426--428
[]\T1/ptm/m/n/10 The \T1/pcr/m/n/10 cdb \T1/ptm/m/n/10 have to pro-vide \T1/pcr
/m/n/10 cdb$serverName\T1/ptm/m/n/10 , \T1/pcr/m/n/10 cdb$port \T1/ptm/m/n/10 a
nd \T1/pcr/m/n/10 cdb$newDBName 
 []

[8]
Overfull \hbox (56.07872pt too wide) in paragraph at lines 460--462
[]\T1/ptm/m/n/10 Removing a database means send-ing a http- "DELETE"- re-quest 
to \T1/pcr/m/n/10 http://cdb$serverName:cdb$port/
 []

[9]
Overfull \hbox (7.27936pt too wide) in paragraph at lines 526--530
\T1/ptm/m/n/10 means of \T1/pcr/m/n/10 fromJSON()\T1/ptm/m/n/10 . If a needed \
T1/pcr/m/n/10 cdb$ \T1/ptm/m/n/10 list en-try is not pro-vided \T1/pcr/m/n/10 c
db$error
 []


Overfull \hbox (10.58093pt too wide) in paragraph at lines 538--541
[][][]$\T1/pcr/m/n/10 http : / / www . omegahat . org / RCurl/$[][] [][]$http :
 / / www . omegahat . org / RJSONIO/$[][] [][]$http :
 []

(./Rd2.ind [10]
LaTeX Font Info:    Font shape `T1/ptm/bx/n' in size <12> not available
(Font)              Font shape `T1/ptm/b/n' tried instead on input line 3.
LaTeX Font Info:    Font shape `T1/pcr/m/it' in size <10> not available
(Font)              Font shape `T1/pcr/m/sl' tried instead on input line 32.
 [11


]) (./Rd2.aux) ) 
Here is how much of TeX's memory you used:
 5237 strings out of 493876
 74638 string characters out of 1150588
 136481 words of memory out of 3000000
 8296 multiletter control sequences out of 10000+50000
 42055 words of font info for 53 fonts, out of 3000000 for 5000
 714 hyphenation exceptions out of 8191
 45i,5n,27p,231b,551s stack positions out of 5000i,500n,10000p,200000b,50000s
{/usr/local/texlive/2008/texmf-dist/fonts/enc/dvips/base/8r.enc
}</usr/local/texlive/2008/texmf-dist/fonts/type1/bluesky/cm/cmsy10.pfb></usr/lo
cal/texlive/2008/texmf-dist/fonts/type1/urw/courier/ucrr8a.pfb></usr/local/texl
ive/2008/texmf-dist/fonts/type1/urw/courier/ucrro8a.pfb></usr/local/texlive/200
8/texmf-dist/fonts/type1/urw/helvetic/uhvr8a.pfb></usr/local/texlive/2008/texmf
-dist/fonts/type1/urw/times/utmb8a.pfb></usr/local/texlive/2008/texmf-dist/font
s/type1/urw/times/utmr8a.pfb></usr/local/texlive/2008/texmf-dist/fonts/type1/ur
w/times/utmr8a.pfb></usr/local/texlive/2008/texmf-dist/fonts/type1/urw/times/ut
mri8a.pfb>
Output written on Rd2.pdf (11 pages, 137159 bytes).
PDF statistics:
 324 PDF objects out of 1000 (max. 8388607)
 122 named destinations out of 1000 (max. 131072)
 109 words of extra memory for PDF output out of 10000 (max. 10000000)

